[2020-12-27 05:16:00] local.ERROR: Maximum execution time of 120 seconds exceeded {"exception":"[object] (Symfony\\Component\\Debug\\Exception\\FatalErrorException(code: 1): Maximum execution time of 120 seconds exceeded at C:\\xampp\\htdocs\\safeAgency.com\\vendor\\laravel\\framework\\src\\Illuminate\\Routing\\ControllerMiddlewareOptions.php:5)
[stacktrace]
#0 {main}
"} 
[2020-12-27 05:16:31] local.ERROR: Maximum execution time of 120 seconds exceeded {"exception":"[object] (Symfony\\Component\\Debug\\Exception\\FatalErrorException(code: 1): Maximum execution time of 120 seconds exceeded at C:\\xampp\\htdocs\\safeAgency.com\\vendor\\laravel\\framework\\src\\Illuminate\\View\\Compilers\\Concerns\\CompilesConditionals.php:5)
[stacktrace]
#0 {main}
"} 
[2020-12-27 05:19:01] local.INFO: Broadcasting [App\Events\ChatEvent] on channels [chat] with payload:
{
    "message": "fds",
    "user": "Ashiful Islam Prince",
    "socket": "6098.26314069"
}  
[2020-12-27 05:26:15] local.INFO: Broadcasting [App\Events\ChatEvent] on channels [chat] with payload:
{
    "message": "fdsfds",
    "user": "Ashiful Islam Prince",
    "socket": "6098.26314069"
}  
[2020-12-27 05:52:43] local.INFO: Broadcasting [App\Events\ChatEvent] on channels [chat] with payload:
{
    "message": "fds",
    "user": "Ashiful Islam",
    "socket": "6078.26349863"
}  
[2020-12-27 05:53:23] local.INFO: Broadcasting [App\Events\ChatEvent] on channels [chat] with payload:
{
    "message": "hi",
    "user": "Ashiful Islam Prince",
    "socket": "6098.26345994"
}  
[2020-12-27 05:53:31] local.INFO: Broadcasting [App\Events\ChatEvent] on channels [chat] with payload:
{
    "message": "fe",
    "user": "Ashiful Islam",
    "socket": "6099.26344960"
}  
[2020-12-27 05:53:41] local.INFO: Broadcasting [App\Events\ChatEvent] on channels [chat] with payload:
{
    "message": "fsdfdsf",
    "user": "Ashiful Islam",
    "socket": "6099.26344960"
}  
[2020-12-27 05:53:45] local.INFO: Broadcasting [App\Events\ChatEvent] on channels [chat] with payload:
{
    "message": "fds",
    "user": "Ashiful Islam Prince",
    "socket": "6098.26345994"
}  
[2020-12-27 05:56:28] local.INFO: Broadcasting [App\Events\ChatEvent] on channels [chat] with payload:
{
    "message": "fd",
    "user": "Ashiful Islam Prince",
    "socket": "6063.26359205"
}  
[2020-12-27 05:57:43] local.INFO: Broadcasting [App\Events\ChatEvent] on channels [chat] with payload:
{
    "message": "fds",
    "user": "Ashiful Islam",
    "socket": "6098.26350341"
}  
[2020-12-27 05:58:07] local.INFO: Broadcasting [App\Events\ChatEvent] on channels [chat] with payload:
{
    "message": "fds",
    "user": "Ashiful Islam Prince",
    "socket": "6101.26353187"
}  
[2020-12-27 05:58:10] local.INFO: Broadcasting [App\Events\ChatEvent] on channels [chat] with payload:
{
    "message": "fds",
    "user": "Ashiful Islam",
    "socket": "6098.26350341"
}  
[2020-12-27 05:58:13] local.INFO: Broadcasting [App\Events\ChatEvent] on channels [chat] with payload:
{
    "message": "fds",
    "user": "Ashiful Islam Prince",
    "socket": "6101.26353187"
}  
[2020-12-27 10:44:21] local.INFO: Broadcasting [App\Events\ChatEvent] on channels [chat] with payload:
{
    "message": "Here is your profile",
    "user": "Ashiful Islam Prince",
    "socket": "6063.26713328"
}  
[2020-12-27 10:44:31] local.INFO: Broadcasting [App\Events\ChatEvent] on channels [chat] with payload:
{
    "message": "Yes, done with my",
    "user": "Ashiful Islam",
    "socket": "6078.26708367"
}  
[2020-12-27 10:44:59] local.INFO: Broadcasting [App\Events\ChatEvent] on channels [chat] with payload:
{
    "message": "fsd",
    "user": "Ashiful Islam",
    "socket": "6078.26708367"
}  
[2020-12-27 10:45:04] local.INFO: Broadcasting [App\Events\ChatEvent] on channels [chat] with payload:
{
    "message": "fds",
    "user": "Ashiful Islam Prince",
    "socket": "6063.26713328"
}  
[2020-12-27 10:49:07] local.INFO: Broadcasting [App\Events\ChatEvent] on channels [chat] with payload:
{
    "message": "fds",
    "user": "Ashiful Islam",
    "socket": "6078.26708367"
}  
[2020-12-27 10:49:20] local.INFO: Broadcasting [App\Events\ChatEvent] on channels [chat] with payload:
{
    "message": "hello this is ashiful",
    "user": "Ashiful Islam",
    "socket": "6078.26708367"
}  
[2020-12-27 10:51:08] local.INFO: Broadcasting [App\Events\ChatEvent] on channels [chat] with payload:
{
    "message": "fds",
    "user": "Ashiful Islam Prince",
    "socket": "6064.26718024"
}  
[2020-12-27 10:51:42] local.INFO: Broadcasting [App\Events\ChatEvent] on channels [chat] with payload:
{
    "message": "fds",
    "user": "Ashiful Islam",
    "socket": "6099.26708243"
}  
[2020-12-27 10:57:53] local.INFO: Broadcasting [App\Events\ChatEvent] on channels [chat] with payload:
{
    "message": "This is me",
    "user": "Ashiful Islam Prince",
    "socket": "6064.26718024"
}  
[2020-12-27 11:03:02] local.INFO: Broadcasting [App\Events\ChatEvent] on channels [chat] with payload:
{
    "message": "fds",
    "user": "Ashiful Islam Prince",
    "socket": null
}  
[2020-12-27 11:03:05] local.INFO: Broadcasting [App\Events\ChatEvent] on channels [chat] with payload:
{
    "message": "fds",
    "user": "Ashiful Islam Prince",
    "socket": null
}  
[2020-12-27 11:03:06] local.INFO: Broadcasting [App\Events\ChatEvent] on channels [chat] with payload:
{
    "message": "fds",
    "user": "Ashiful Islam Prince",
    "socket": null
}  
[2020-12-27 11:03:19] local.INFO: Broadcasting [App\Events\ChatEvent] on channels [chat] with payload:
{
    "message": "cx",
    "user": "Ashiful Islam Prince",
    "socket": null
}  
[2020-12-27 11:05:37] local.INFO: Broadcasting [App\Events\ChatEvent] on channels [chat] with payload:
{
    "message": "fds",
    "user": "Ashiful Islam Prince",
    "socket": "6098.26722802"
}  
[2020-12-27 11:06:07] local.INFO: Broadcasting [App\Events\ChatEvent] on channels [chat] with payload:
{
    "message": "fds",
    "user": "Ashiful Islam Prince",
    "socket": "6064.26732199"
}  
[2020-12-27 11:06:14] local.INFO: Broadcasting [App\Events\ChatEvent] on channels [chat] with payload:
{
    "message": "fd",
    "user": "Ashiful Islam Prince",
    "socket": "6064.26732199"
}  
[2020-12-27 11:07:18] local.INFO: Broadcasting [App\Events\ChatEvent] on channels [chat] with payload:
{
    "message": "fd",
    "user": "Ashiful Islam Prince",
    "socket": "6083.26727147"
}  
[2020-12-27 11:07:28] local.INFO: Broadcasting [App\Events\ChatEvent] on channels [chat] with payload:
{
    "message": "fds",
    "user": "Ashiful Islam Prince",
    "socket": "6083.26727147"
}  
[2020-12-27 11:07:32] local.INFO: Broadcasting [App\Events\ChatEvent] on channels [chat] with payload:
{
    "message": "fds",
    "user": "Ashiful Islam Prince",
    "socket": "6083.26727147"
}  
[2020-12-27 11:07:57] local.INFO: Broadcasting [App\Events\ChatEvent] on channels [chat] with payload:
{
    "message": "fds",
    "user": "Ashiful Islam Prince",
    "socket": "6083.26727147"
}  
[2020-12-27 11:09:50] local.INFO: Broadcasting [App\Events\ChatEvent] on channels [chat] with payload:
{
    "message": "aha",
    "user": "Ashiful Islam Prince",
    "socket": "6086.26734896"
}  
[2020-12-27 11:13:33] local.INFO: Broadcasting [App\Events\ChatEvent] on channels [chat] with payload:
{
    "message": "fds",
    "user": "Ashiful Islam Prince",
    "socket": "6084.26739331"
}  
[2020-12-27 11:13:36] local.INFO: Broadcasting [App\Events\ChatEvent] on channels [chat] with payload:
{
    "message": "fd",
    "user": "Ashiful Islam Prince",
    "socket": "6084.26739331"
}  
[2020-12-27 11:14:04] local.INFO: Broadcasting [App\Events\ChatEvent] on channels [chat] with payload:
{
    "message": "Hello",
    "user": "Ashiful Islam Prince",
    "socket": "6099.26734994"
}  
[2020-12-27 11:19:59] local.INFO: Broadcasting [App\Events\ChatEvent] on channels [chat] with payload:
{
    "message": "vfdf",
    "user": "Ashiful Islam Prince",
    "socket": "6099.26734994"
}  
[2020-12-27 11:21:25] local.INFO: Broadcasting [App\Events\ChatEvent] on channels [chat] with payload:
{
    "message": "fds",
    "user": "Ashiful Islam Prince",
    "socket": "6101.26753329"
}  
[2020-12-27 11:21:47] local.INFO: Broadcasting [App\Events\ChatEvent] on channels [chat] with payload:
{
    "message": "fds",
    "user": "Ashiful Islam Prince",
    "socket": "6101.26753329"
}  
[2020-12-27 13:00:03] local.INFO: Broadcasting [App\Events\ChatEvent] on channels [chat] with payload:
{
    "message": "fds",
    "user": "Ashiful Islam Prince",
    "socket": "6079.26939275"
}  
[2020-12-27 13:27:18] local.INFO: Broadcasting [App\Events\ChatEvent] on channels [chat] with payload:
{
    "message": "gfd",
    "user": "Ashiful Islam Prince",
    "socket": "6086.26973316"
}  
[2020-12-27 13:27:35] local.INFO: Broadcasting [App\Events\ChatEvent] on channels [chat] with payload:
{
    "message": "gfdgfd",
    "user": "Ashiful Islam Prince",
    "socket": "6084.26973295"
}  
[2020-12-27 13:41:30] local.INFO: Broadcasting [App\Events\ChatEvent] on channels [chat] with payload:
{
    "message": "fds",
    "user": "Ashiful Islam Prince",
    "socket": "6084.26990418"
}  
[2020-12-27 13:41:47] local.INFO: Broadcasting [App\Events\ChatEvent] on channels [chat] with payload:
{
    "message": "fdsfds",
    "user": "Ashiful Islam Prince",
    "socket": "6084.26990418"
}  
[2020-12-27 13:41:57] local.INFO: Broadcasting [App\Events\ChatEvent] on channels [chat] with payload:
{
    "message": "vfd",
    "user": "Ashiful Islam Prince",
    "socket": "6084.26990418"
}  
[2020-12-27 13:54:42] local.INFO: Broadcasting [App\Events\ChatEvent] on channels [chat] with payload:
{
    "message": "FDE",
    "user": "Ashiful Islam Prince",
    "socket": "6099.27006837"
}  
[2020-12-27 13:57:34] local.INFO: Broadcasting [App\Events\ChatEvent] on channels [chat] with payload:
{
    "message": "FDS",
    "user": "Ashiful Islam Prince",
    "socket": "6099.27025235"
}  
[2020-12-27 14:01:36] local.INFO: Broadcasting [App\Events\ChatEvent] on channels [chat] with payload:
{
    "message": "gfdgf",
    "user": "Ashiful Islam Prince",
    "socket": "6063.27043305"
}  
[2020-12-27 14:10:37] local.INFO: Broadcasting [App\Events\ChatEvent] on channels [chat] with payload:
{
    "message": "gfd",
    "user": "Ashiful Islam Prince",
    "socket": "6078.27056274"
}  
[2020-12-27 14:13:35] local.ERROR: Method App\Http\Controllers\localAgent\ChatController::send does not exist. {"userId":1,"exception":"[object] (BadMethodCallException(code: 0): Method App\\Http\\Controllers\\localAgent\\ChatController::send does not exist. at C:\\xampp\\htdocs\\safeAgency.com\\vendor\\laravel\\framework\\src\\Illuminate\\Routing\\Controller.php:68)
[stacktrace]
#0 C:\\xampp\\htdocs\\safeAgency.com\\vendor\\laravel\\framework\\src\\Illuminate\\Routing\\Controller.php(54): Illuminate\\Routing\\Controller->__call('send', Array)
#1 C:\\xampp\\htdocs\\safeAgency.com\\vendor\\laravel\\framework\\src\\Illuminate\\Routing\\ControllerDispatcher.php(45): Illuminate\\Routing\\Controller->callAction('send', Array)
#2 C:\\xampp\\htdocs\\safeAgency.com\\vendor\\laravel\\framework\\src\\Illuminate\\Routing\\Route.php(219): Illuminate\\Routing\\ControllerDispatcher->dispatch(Object(Illuminate\\Routing\\Route), Object(App\\Http\\Controllers\\localAgent\\ChatController), 'send')
#3 C:\\xampp\\htdocs\\safeAgency.com\\vendor\\laravel\\framework\\src\\Illuminate\\Routing\\Route.php(176): Illuminate\\Routing\\Route->runController()
#4 C:\\xampp\\htdocs\\safeAgency.com\\vendor\\laravel\\framework\\src\\Illuminate\\Routing\\Router.php(681): Illuminate\\Routing\\Route->run()
#5 C:\\xampp\\htdocs\\safeAgency.com\\vendor\\laravel\\framework\\src\\Illuminate\\Pipeline\\Pipeline.php(130): Illuminate\\Routing\\Router->Illuminate\\Routing\\{closure}(Object(Illuminate\\Http\\Request))
#6 C:\\xampp\\htdocs\\safeAgency.com\\vendor\\laravel\\passport\\src\\Http\\Middleware\\CreateFreshApiToken.php(50): Illuminate\\Pipeline\\Pipeline->Illuminate\\Pipeline\\{closure}(Object(Illuminate\\Http\\Request))
#7 C:\\xampp\\htdocs\\safeAgency.com\\vendor\\laravel\\framework\\src\\Illuminate\\Pipeline\\Pipeline.php(171): Laravel\\Passport\\Http\\Middleware\\CreateFreshApiToken->handle(Object(Illuminate\\Http\\Request), Object(Closure))
#8 C:\\xampp\\htdocs\\safeAgency.com\\vendor\\laravel\\framework\\src\\Illuminate\\Routing\\Middleware\\SubstituteBindings.php(41): Illuminate\\Pipeline\\Pipeline->Illuminate\\Pipeline\\{closure}(Object(Illuminate\\Http\\Request))
#9 C:\\xampp\\htdocs\\safeAgency.com\\vendor\\laravel\\framework\\src\\Illuminate\\Pipeline\\Pipeline.php(171): Illuminate\\Routing\\Middleware\\SubstituteBindings->handle(Object(Illuminate\\Http\\Request), Object(Closure))
#10 C:\\xampp\\htdocs\\safeAgency.com\\vendor\\laravel\\framework\\src\\Illuminate\\Auth\\Middleware\\Authenticate.php(43): Illuminate\\Pipeline\\Pipeline->Illuminate\\Pipeline\\{closure}(Object(Illuminate\\Http\\Request))
#11 C:\\xampp\\htdocs\\safeAgency.com\\vendor\\laravel\\framework\\src\\Illuminate\\Pipeline\\Pipeline.php(171): Illuminate\\Auth\\Middleware\\Authenticate->handle(Object(Illuminate\\Http\\Request), Object(Closure), 'localAgent')
#12 C:\\xampp\\htdocs\\safeAgency.com\\vendor\\laravel\\framework\\src\\Illuminate\\Foundation\\Http\\Middleware\\VerifyCsrfToken.php(78): Illuminate\\Pipeline\\Pipeline->Illuminate\\Pipeline\\{closure}(Object(Illuminate\\Http\\Request))
#13 C:\\xampp\\htdocs\\safeAgency.com\\vendor\\laravel\\framework\\src\\Illuminate\\Pipeline\\Pipeline.php(171): Illuminate\\Foundation\\Http\\Middleware\\VerifyCsrfToken->handle(Object(Illuminate\\Http\\Request), Object(Closure))
#14 C:\\xampp\\htdocs\\safeAgency.com\\vendor\\laravel\\framework\\src\\Illuminate\\View\\Middleware\\ShareErrorsFromSession.php(49): Illuminate\\Pipeline\\Pipeline->Illuminate\\Pipeline\\{closure}(Object(Illuminate\\Http\\Request))
#15 C:\\xampp\\htdocs\\safeAgency.com\\vendor\\laravel\\framework\\src\\Illuminate\\Pipeline\\Pipeline.php(171): Illuminate\\View\\Middleware\\ShareErrorsFromSession->handle(Object(Illuminate\\Http\\Request), Object(Closure))
#16 C:\\xampp\\htdocs\\safeAgency.com\\vendor\\laravel\\framework\\src\\Illuminate\\Session\\Middleware\\StartSession.php(56): Illuminate\\Pipeline\\Pipeline->Illuminate\\Pipeline\\{closure}(Object(Illuminate\\Http\\Request))
#17 C:\\xampp\\htdocs\\safeAgency.com\\vendor\\laravel\\framework\\src\\Illuminate\\Pipeline\\Pipeline.php(171): Illuminate\\Session\\Middleware\\StartSession->handle(Object(Illuminate\\Http\\Request), Object(Closure))
#18 C:\\xampp\\htdocs\\safeAgency.com\\vendor\\laravel\\framework\\src\\Illuminate\\Cookie\\Middleware\\AddQueuedCookiesToResponse.php(37): Illuminate\\Pipeline\\Pipeline->Illuminate\\Pipeline\\{closure}(Object(Illuminate\\Http\\Request))
#19 C:\\xampp\\htdocs\\safeAgency.com\\vendor\\laravel\\framework\\src\\Illuminate\\Pipeline\\Pipeline.php(171): Illuminate\\Cookie\\Middleware\\AddQueuedCookiesToResponse->handle(Object(Illuminate\\Http\\Request), Object(Closure))
#20 C:\\xampp\\htdocs\\safeAgency.com\\vendor\\laravel\\framework\\src\\Illuminate\\Cookie\\Middleware\\EncryptCookies.php(67): Illuminate\\Pipeline\\Pipeline->Illuminate\\Pipeline\\{closure}(Object(Illuminate\\Http\\Request))
#21 C:\\xampp\\htdocs\\safeAgency.com\\vendor\\laravel\\framework\\src\\Illuminate\\Pipeline\\Pipeline.php(171): Illuminate\\Cookie\\Middleware\\EncryptCookies->handle(Object(Illuminate\\Http\\Request), Object(Closure))
#22 C:\\xampp\\htdocs\\safeAgency.com\\vendor\\laravel\\framework\\src\\Illuminate\\Pipeline\\Pipeline.php(105): Illuminate\\Pipeline\\Pipeline->Illuminate\\Pipeline\\{closure}(Object(Illuminate\\Http\\Request))
#23 C:\\xampp\\htdocs\\safeAgency.com\\vendor\\laravel\\framework\\src\\Illuminate\\Routing\\Router.php(683): Illuminate\\Pipeline\\Pipeline->then(Object(Closure))
#24 C:\\xampp\\htdocs\\safeAgency.com\\vendor\\laravel\\framework\\src\\Illuminate\\Routing\\Router.php(658): Illuminate\\Routing\\Router->runRouteWithinStack(Object(Illuminate\\Routing\\Route), Object(Illuminate\\Http\\Request))
#25 C:\\xampp\\htdocs\\safeAgency.com\\vendor\\laravel\\framework\\src\\Illuminate\\Routing\\Router.php(624): Illuminate\\Routing\\Router->runRoute(Object(Illuminate\\Http\\Request), Object(Illuminate\\Routing\\Route))
#26 C:\\xampp\\htdocs\\safeAgency.com\\vendor\\laravel\\framework\\src\\Illuminate\\Routing\\Router.php(613): Illuminate\\Routing\\Router->dispatchToRoute(Object(Illuminate\\Http\\Request))
#27 C:\\xampp\\htdocs\\safeAgency.com\\vendor\\laravel\\framework\\src\\Illuminate\\Foundation\\Http\\Kernel.php(170): Illuminate\\Routing\\Router->dispatch(Object(Illuminate\\Http\\Request))
#28 C:\\xampp\\htdocs\\safeAgency.com\\vendor\\laravel\\framework\\src\\Illuminate\\Pipeline\\Pipeline.php(130): Illuminate\\Foundation\\Http\\Kernel->Illuminate\\Foundation\\Http\\{closure}(Object(Illuminate\\Http\\Request))
#29 C:\\xampp\\htdocs\\safeAgency.com\\vendor\\laravel\\framework\\src\\Illuminate\\Foundation\\Http\\Middleware\\TransformsRequest.php(21): Illuminate\\Pipeline\\Pipeline->Illuminate\\Pipeline\\{closure}(Object(Illuminate\\Http\\Request))
#30 C:\\xampp\\htdocs\\safeAgency.com\\vendor\\laravel\\framework\\src\\Illuminate\\Pipeline\\Pipeline.php(171): Illuminate\\Foundation\\Http\\Middleware\\TransformsRequest->handle(Object(Illuminate\\Http\\Request), Object(Closure))
#31 C:\\xampp\\htdocs\\safeAgency.com\\vendor\\laravel\\framework\\src\\Illuminate\\Foundation\\Http\\Middleware\\TransformsRequest.php(21): Illuminate\\Pipeline\\Pipeline->Illuminate\\Pipeline\\{closure}(Object(Illuminate\\Http\\Request))
#32 C:\\xampp\\htdocs\\safeAgency.com\\vendor\\laravel\\framework\\src\\Illuminate\\Pipeline\\Pipeline.php(171): Illuminate\\Foundation\\Http\\Middleware\\TransformsRequest->handle(Object(Illuminate\\Http\\Request), Object(Closure))
#33 C:\\xampp\\htdocs\\safeAgency.com\\vendor\\laravel\\framework\\src\\Illuminate\\Foundation\\Http\\Middleware\\ValidatePostSize.php(27): Illuminate\\Pipeline\\Pipeline->Illuminate\\Pipeline\\{closure}(Object(Illuminate\\Http\\Request))
#34 C:\\xampp\\htdocs\\safeAgency.com\\vendor\\laravel\\framework\\src\\Illuminate\\Pipeline\\Pipeline.php(171): Illuminate\\Foundation\\Http\\Middleware\\ValidatePostSize->handle(Object(Illuminate\\Http\\Request), Object(Closure))
#35 C:\\xampp\\htdocs\\safeAgency.com\\vendor\\laravel\\framework\\src\\Illuminate\\Foundation\\Http\\Middleware\\CheckForMaintenanceMode.php(63): Illuminate\\Pipeline\\Pipeline->Illuminate\\Pipeline\\{closure}(Object(Illuminate\\Http\\Request))
#36 C:\\xampp\\htdocs\\safeAgency.com\\vendor\\laravel\\framework\\src\\Illuminate\\Pipeline\\Pipeline.php(171): Illuminate\\Foundation\\Http\\Middleware\\CheckForMaintenanceMode->handle(Object(Illuminate\\Http\\Request), Object(Closure))
#37 C:\\xampp\\htdocs\\safeAgency.com\\vendor\\fideloper\\proxy\\src\\TrustProxies.php(57): Illuminate\\Pipeline\\Pipeline->Illuminate\\Pipeline\\{closure}(Object(Illuminate\\Http\\Request))
#38 C:\\xampp\\htdocs\\safeAgency.com\\vendor\\laravel\\framework\\src\\Illuminate\\Pipeline\\Pipeline.php(171): Fideloper\\Proxy\\TrustProxies->handle(Object(Illuminate\\Http\\Request), Object(Closure))
#39 C:\\xampp\\htdocs\\safeAgency.com\\vendor\\laravel\\framework\\src\\Illuminate\\Pipeline\\Pipeline.php(105): Illuminate\\Pipeline\\Pipeline->Illuminate\\Pipeline\\{closure}(Object(Illuminate\\Http\\Request))
#40 C:\\xampp\\htdocs\\safeAgency.com\\vendor\\laravel\\framework\\src\\Illuminate\\Foundation\\Http\\Kernel.php(145): Illuminate\\Pipeline\\Pipeline->then(Object(Closure))
#41 C:\\xampp\\htdocs\\safeAgency.com\\vendor\\laravel\\framework\\src\\Illuminate\\Foundation\\Http\\Kernel.php(110): Illuminate\\Foundation\\Http\\Kernel->sendRequestThroughRouter(Object(Illuminate\\Http\\Request))
#42 C:\\xampp\\htdocs\\safeAgency.com\\public\\index.php(55): Illuminate\\Foundation\\Http\\Kernel->handle(Object(Illuminate\\Http\\Request))
#43 {main}
"} 
[2020-12-27 14:13:45] local.ERROR: Method App\Http\Controllers\localAgent\ChatController::send does not exist. {"userId":1,"exception":"[object] (BadMethodCallException(code: 0): Method App\\Http\\Controllers\\localAgent\\ChatController::send does not exist. at C:\\xampp\\htdocs\\safeAgency.com\\vendor\\laravel\\framework\\src\\Illuminate\\Routing\\Controller.php:68)
[stacktrace]
#0 C:\\xampp\\htdocs\\safeAgency.com\\vendor\\laravel\\framework\\src\\Illuminate\\Routing\\Controller.php(54): Illuminate\\Routing\\Controller->__call('send', Array)
#1 C:\\xampp\\htdocs\\safeAgency.com\\vendor\\laravel\\framework\\src\\Illuminate\\Routing\\ControllerDispatcher.php(45): Illuminate\\Routing\\Controller->callAction('send', Array)
#2 C:\\xampp\\htdocs\\safeAgency.com\\vendor\\laravel\\framework\\src\\Illuminate\\Routing\\Route.php(219): Illuminate\\Routing\\ControllerDispatcher->dispatch(Object(Illuminate\\Routing\\Route), Object(App\\Http\\Controllers\\localAgent\\ChatController), 'send')
#3 C:\\xampp\\htdocs\\safeAgency.com\\vendor\\laravel\\framework\\src\\Illuminate\\Routing\\Route.php(176): Illuminate\\Routing\\Route->runController()
#4 C:\\xampp\\htdocs\\safeAgency.com\\vendor\\laravel\\framework\\src\\Illuminate\\Routing\\Router.php(681): Illuminate\\Routing\\Route->run()
#5 C:\\xampp\\htdocs\\safeAgency.com\\vendor\\laravel\\framework\\src\\Illuminate\\Pipeline\\Pipeline.php(130): Illuminate\\Routing\\Router->Illuminate\\Routing\\{closure}(Object(Illuminate\\Http\\Request))
#6 C:\\xampp\\htdocs\\safeAgency.com\\vendor\\laravel\\passport\\src\\Http\\Middleware\\CreateFreshApiToken.php(50): Illuminate\\Pipeline\\Pipeline->Illuminate\\Pipeline\\{closure}(Object(Illuminate\\Http\\Request))
#7 C:\\xampp\\htdocs\\safeAgency.com\\vendor\\laravel\\framework\\src\\Illuminate\\Pipeline\\Pipeline.php(171): Laravel\\Passport\\Http\\Middleware\\CreateFreshApiToken->handle(Object(Illuminate\\Http\\Request), Object(Closure))
#8 C:\\xampp\\htdocs\\safeAgency.com\\vendor\\laravel\\framework\\src\\Illuminate\\Routing\\Middleware\\SubstituteBindings.php(41): Illuminate\\Pipeline\\Pipeline->Illuminate\\Pipeline\\{closure}(Object(Illuminate\\Http\\Request))
#9 C:\\xampp\\htdocs\\safeAgency.com\\vendor\\laravel\\framework\\src\\Illuminate\\Pipeline\\Pipeline.php(171): Illuminate\\Routing\\Middleware\\SubstituteBindings->handle(Object(Illuminate\\Http\\Request), Object(Closure))
#10 C:\\xampp\\htdocs\\safeAgency.com\\vendor\\laravel\\framework\\src\\Illuminate\\Auth\\Middleware\\Authenticate.php(43): Illuminate\\Pipeline\\Pipeline->Illuminate\\Pipeline\\{closure}(Object(Illuminate\\Http\\Request))
#11 C:\\xampp\\htdocs\\safeAgency.com\\vendor\\laravel\\framework\\src\\Illuminate\\Pipeline\\Pipeline.php(171): Illuminate\\Auth\\Middleware\\Authenticate->handle(Object(Illuminate\\Http\\Request), Object(Closure), 'localAgent')
#12 C:\\xampp\\htdocs\\safeAgency.com\\vendor\\laravel\\framework\\src\\Illuminate\\Foundation\\Http\\Middleware\\VerifyCsrfToken.php(78): Illuminate\\Pipeline\\Pipeline->Illuminate\\Pipeline\\{closure}(Object(Illuminate\\Http\\Request))
#13 C:\\xampp\\htdocs\\safeAgency.com\\vendor\\laravel\\framework\\src\\Illuminate\\Pipeline\\Pipeline.php(171): Illuminate\\Foundation\\Http\\Middleware\\VerifyCsrfToken->handle(Object(Illuminate\\Http\\Request), Object(Closure))
#14 C:\\xampp\\htdocs\\safeAgency.com\\vendor\\laravel\\framework\\src\\Illuminate\\View\\Middleware\\ShareErrorsFromSession.php(49): Illuminate\\Pipeline\\Pipeline->Illuminate\\Pipeline\\{closure}(Object(Illuminate\\Http\\Request))
#15 C:\\xampp\\htdocs\\safeAgency.com\\vendor\\laravel\\framework\\src\\Illuminate\\Pipeline\\Pipeline.php(171): Illuminate\\View\\Middleware\\ShareErrorsFromSession->handle(Object(Illuminate\\Http\\Request), Object(Closure))
#16 C:\\xampp\\htdocs\\safeAgency.com\\vendor\\laravel\\framework\\src\\Illuminate\\Session\\Middleware\\StartSession.php(56): Illuminate\\Pipeline\\Pipeline->Illuminate\\Pipeline\\{closure}(Object(Illuminate\\Http\\Request))
#17 C:\\xampp\\htdocs\\safeAgency.com\\vendor\\laravel\\framework\\src\\Illuminate\\Pipeline\\Pipeline.php(171): Illuminate\\Session\\Middleware\\StartSession->handle(Object(Illuminate\\Http\\Request), Object(Closure))
#18 C:\\xampp\\htdocs\\safeAgency.com\\vendor\\laravel\\framework\\src\\Illuminate\\Cookie\\Middleware\\AddQueuedCookiesToResponse.php(37): Illuminate\\Pipeline\\Pipeline->Illuminate\\Pipeline\\{closure}(Object(Illuminate\\Http\\Request))
#19 C:\\xampp\\htdocs\\safeAgency.com\\vendor\\laravel\\framework\\src\\Illuminate\\Pipeline\\Pipeline.php(171): Illuminate\\Cookie\\Middleware\\AddQueuedCookiesToResponse->handle(Object(Illuminate\\Http\\Request), Object(Closure))
#20 C:\\xampp\\htdocs\\safeAgency.com\\vendor\\laravel\\framework\\src\\Illuminate\\Cookie\\Middleware\\EncryptCookies.php(67): Illuminate\\Pipeline\\Pipeline->Illuminate\\Pipeline\\{closure}(Object(Illuminate\\Http\\Request))
#21 C:\\xampp\\htdocs\\safeAgency.com\\vendor\\laravel\\framework\\src\\Illuminate\\Pipeline\\Pipeline.php(171): Illuminate\\Cookie\\Middleware\\EncryptCookies->handle(Object(Illuminate\\Http\\Request), Object(Closure))
#22 C:\\xampp\\htdocs\\safeAgency.com\\vendor\\laravel\\framework\\src\\Illuminate\\Pipeline\\Pipeline.php(105): Illuminate\\Pipeline\\Pipeline->Illuminate\\Pipeline\\{closure}(Object(Illuminate\\Http\\Request))
#23 C:\\xampp\\htdocs\\safeAgency.com\\vendor\\laravel\\framework\\src\\Illuminate\\Routing\\Router.php(683): Illuminate\\Pipeline\\Pipeline->then(Object(Closure))
#24 C:\\xampp\\htdocs\\safeAgency.com\\vendor\\laravel\\framework\\src\\Illuminate\\Routing\\Router.php(658): Illuminate\\Routing\\Router->runRouteWithinStack(Object(Illuminate\\Routing\\Route), Object(Illuminate\\Http\\Request))
#25 C:\\xampp\\htdocs\\safeAgency.com\\vendor\\laravel\\framework\\src\\Illuminate\\Routing\\Router.php(624): Illuminate\\Routing\\Router->runRoute(Object(Illuminate\\Http\\Request), Object(Illuminate\\Routing\\Route))
#26 C:\\xampp\\htdocs\\safeAgency.com\\vendor\\laravel\\framework\\src\\Illuminate\\Routing\\Router.php(613): Illuminate\\Routing\\Router->dispatchToRoute(Object(Illuminate\\Http\\Request))
#27 C:\\xampp\\htdocs\\safeAgency.com\\vendor\\laravel\\framework\\src\\Illuminate\\Foundation\\Http\\Kernel.php(170): Illuminate\\Routing\\Router->dispatch(Object(Illuminate\\Http\\Request))
#28 C:\\xampp\\htdocs\\safeAgency.com\\vendor\\laravel\\framework\\src\\Illuminate\\Pipeline\\Pipeline.php(130): Illuminate\\Foundation\\Http\\Kernel->Illuminate\\Foundation\\Http\\{closure}(Object(Illuminate\\Http\\Request))
#29 C:\\xampp\\htdocs\\safeAgency.com\\vendor\\laravel\\framework\\src\\Illuminate\\Foundation\\Http\\Middleware\\TransformsRequest.php(21): Illuminate\\Pipeline\\Pipeline->Illuminate\\Pipeline\\{closure}(Object(Illuminate\\Http\\Request))
#30 C:\\xampp\\htdocs\\safeAgency.com\\vendor\\laravel\\framework\\src\\Illuminate\\Pipeline\\Pipeline.php(171): Illuminate\\Foundation\\Http\\Middleware\\TransformsRequest->handle(Object(Illuminate\\Http\\Request), Object(Closure))
#31 C:\\xampp\\htdocs\\safeAgency.com\\vendor\\laravel\\framework\\src\\Illuminate\\Foundation\\Http\\Middleware\\TransformsRequest.php(21): Illuminate\\Pipeline\\Pipeline->Illuminate\\Pipeline\\{closure}(Object(Illuminate\\Http\\Request))
#32 C:\\xampp\\htdocs\\safeAgency.com\\vendor\\laravel\\framework\\src\\Illuminate\\Pipeline\\Pipeline.php(171): Illuminate\\Foundation\\Http\\Middleware\\TransformsRequest->handle(Object(Illuminate\\Http\\Request), Object(Closure))
#33 C:\\xampp\\htdocs\\safeAgency.com\\vendor\\laravel\\framework\\src\\Illuminate\\Foundation\\Http\\Middleware\\ValidatePostSize.php(27): Illuminate\\Pipeline\\Pipeline->Illuminate\\Pipeline\\{closure}(Object(Illuminate\\Http\\Request))
#34 C:\\xampp\\htdocs\\safeAgency.com\\vendor\\laravel\\framework\\src\\Illuminate\\Pipeline\\Pipeline.php(171): Illuminate\\Foundation\\Http\\Middleware\\ValidatePostSize->handle(Object(Illuminate\\Http\\Request), Object(Closure))
#35 C:\\xampp\\htdocs\\safeAgency.com\\vendor\\laravel\\framework\\src\\Illuminate\\Foundation\\Http\\Middleware\\CheckForMaintenanceMode.php(63): Illuminate\\Pipeline\\Pipeline->Illuminate\\Pipeline\\{closure}(Object(Illuminate\\Http\\Request))
#36 C:\\xampp\\htdocs\\safeAgency.com\\vendor\\laravel\\framework\\src\\Illuminate\\Pipeline\\Pipeline.php(171): Illuminate\\Foundation\\Http\\Middleware\\CheckForMaintenanceMode->handle(Object(Illuminate\\Http\\Request), Object(Closure))
#37 C:\\xampp\\htdocs\\safeAgency.com\\vendor\\fideloper\\proxy\\src\\TrustProxies.php(57): Illuminate\\Pipeline\\Pipeline->Illuminate\\Pipeline\\{closure}(Object(Illuminate\\Http\\Request))
#38 C:\\xampp\\htdocs\\safeAgency.com\\vendor\\laravel\\framework\\src\\Illuminate\\Pipeline\\Pipeline.php(171): Fideloper\\Proxy\\TrustProxies->handle(Object(Illuminate\\Http\\Request), Object(Closure))
#39 C:\\xampp\\htdocs\\safeAgency.com\\vendor\\laravel\\framework\\src\\Illuminate\\Pipeline\\Pipeline.php(105): Illuminate\\Pipeline\\Pipeline->Illuminate\\Pipeline\\{closure}(Object(Illuminate\\Http\\Request))
#40 C:\\xampp\\htdocs\\safeAgency.com\\vendor\\laravel\\framework\\src\\Illuminate\\Foundation\\Http\\Kernel.php(145): Illuminate\\Pipeline\\Pipeline->then(Object(Closure))
#41 C:\\xampp\\htdocs\\safeAgency.com\\vendor\\laravel\\framework\\src\\Illuminate\\Foundation\\Http\\Kernel.php(110): Illuminate\\Foundation\\Http\\Kernel->sendRequestThroughRouter(Object(Illuminate\\Http\\Request))
#42 C:\\xampp\\htdocs\\safeAgency.com\\public\\index.php(55): Illuminate\\Foundation\\Http\\Kernel->handle(Object(Illuminate\\Http\\Request))
#43 {main}
"} 
[2020-12-27 14:14:18] local.ERROR: Method App\Http\Controllers\localAgent\ChatController::send does not exist. {"userId":1,"exception":"[object] (BadMethodCallException(code: 0): Method App\\Http\\Controllers\\localAgent\\ChatController::send does not exist. at C:\\xampp\\htdocs\\safeAgency.com\\vendor\\laravel\\framework\\src\\Illuminate\\Routing\\Controller.php:68)
[stacktrace]
#0 C:\\xampp\\htdocs\\safeAgency.com\\vendor\\laravel\\framework\\src\\Illuminate\\Routing\\Controller.php(54): Illuminate\\Routing\\Controller->__call('send', Array)
#1 C:\\xampp\\htdocs\\safeAgency.com\\vendor\\laravel\\framework\\src\\Illuminate\\Routing\\ControllerDispatcher.php(45): Illuminate\\Routing\\Controller->callAction('send', Array)
#2 C:\\xampp\\htdocs\\safeAgency.com\\vendor\\laravel\\framework\\src\\Illuminate\\Routing\\Route.php(219): Illuminate\\Routing\\ControllerDispatcher->dispatch(Object(Illuminate\\Routing\\Route), Object(App\\Http\\Controllers\\localAgent\\ChatController), 'send')
#3 C:\\xampp\\htdocs\\safeAgency.com\\vendor\\laravel\\framework\\src\\Illuminate\\Routing\\Route.php(176): Illuminate\\Routing\\Route->runController()
#4 C:\\xampp\\htdocs\\safeAgency.com\\vendor\\laravel\\framework\\src\\Illuminate\\Routing\\Router.php(681): Illuminate\\Routing\\Route->run()
#5 C:\\xampp\\htdocs\\safeAgency.com\\vendor\\laravel\\framework\\src\\Illuminate\\Pipeline\\Pipeline.php(130): Illuminate\\Routing\\Router->Illuminate\\Routing\\{closure}(Object(Illuminate\\Http\\Request))
#6 C:\\xampp\\htdocs\\safeAgency.com\\vendor\\laravel\\passport\\src\\Http\\Middleware\\CreateFreshApiToken.php(50): Illuminate\\Pipeline\\Pipeline->Illuminate\\Pipeline\\{closure}(Object(Illuminate\\Http\\Request))
#7 C:\\xampp\\htdocs\\safeAgency.com\\vendor\\laravel\\framework\\src\\Illuminate\\Pipeline\\Pipeline.php(171): Laravel\\Passport\\Http\\Middleware\\CreateFreshApiToken->handle(Object(Illuminate\\Http\\Request), Object(Closure))
#8 C:\\xampp\\htdocs\\safeAgency.com\\vendor\\laravel\\framework\\src\\Illuminate\\Routing\\Middleware\\SubstituteBindings.php(41): Illuminate\\Pipeline\\Pipeline->Illuminate\\Pipeline\\{closure}(Object(Illuminate\\Http\\Request))
#9 C:\\xampp\\htdocs\\safeAgency.com\\vendor\\laravel\\framework\\src\\Illuminate\\Pipeline\\Pipeline.php(171): Illuminate\\Routing\\Middleware\\SubstituteBindings->handle(Object(Illuminate\\Http\\Request), Object(Closure))
#10 C:\\xampp\\htdocs\\safeAgency.com\\vendor\\laravel\\framework\\src\\Illuminate\\Auth\\Middleware\\Authenticate.php(43): Illuminate\\Pipeline\\Pipeline->Illuminate\\Pipeline\\{closure}(Object(Illuminate\\Http\\Request))
#11 C:\\xampp\\htdocs\\safeAgency.com\\vendor\\laravel\\framework\\src\\Illuminate\\Pipeline\\Pipeline.php(171): Illuminate\\Auth\\Middleware\\Authenticate->handle(Object(Illuminate\\Http\\Request), Object(Closure), 'localAgent')
#12 C:\\xampp\\htdocs\\safeAgency.com\\vendor\\laravel\\framework\\src\\Illuminate\\Foundation\\Http\\Middleware\\VerifyCsrfToken.php(78): Illuminate\\Pipeline\\Pipeline->Illuminate\\Pipeline\\{closure}(Object(Illuminate\\Http\\Request))
#13 C:\\xampp\\htdocs\\safeAgency.com\\vendor\\laravel\\framework\\src\\Illuminate\\Pipeline\\Pipeline.php(171): Illuminate\\Foundation\\Http\\Middleware\\VerifyCsrfToken->handle(Object(Illuminate\\Http\\Request), Object(Closure))
#14 C:\\xampp\\htdocs\\safeAgency.com\\vendor\\laravel\\framework\\src\\Illuminate\\View\\Middleware\\ShareErrorsFromSession.php(49): Illuminate\\Pipeline\\Pipeline->Illuminate\\Pipeline\\{closure}(Object(Illuminate\\Http\\Request))
#15 C:\\xampp\\htdocs\\safeAgency.com\\vendor\\laravel\\framework\\src\\Illuminate\\Pipeline\\Pipeline.php(171): Illuminate\\View\\Middleware\\ShareErrorsFromSession->handle(Object(Illuminate\\Http\\Request), Object(Closure))
#16 C:\\xampp\\htdocs\\safeAgency.com\\vendor\\laravel\\framework\\src\\Illuminate\\Session\\Middleware\\StartSession.php(56): Illuminate\\Pipeline\\Pipeline->Illuminate\\Pipeline\\{closure}(Object(Illuminate\\Http\\Request))
#17 C:\\xampp\\htdocs\\safeAgency.com\\vendor\\laravel\\framework\\src\\Illuminate\\Pipeline\\Pipeline.php(171): Illuminate\\Session\\Middleware\\StartSession->handle(Object(Illuminate\\Http\\Request), Object(Closure))
#18 C:\\xampp\\htdocs\\safeAgency.com\\vendor\\laravel\\framework\\src\\Illuminate\\Cookie\\Middleware\\AddQueuedCookiesToResponse.php(37): Illuminate\\Pipeline\\Pipeline->Illuminate\\Pipeline\\{closure}(Object(Illuminate\\Http\\Request))
#19 C:\\xampp\\htdocs\\safeAgency.com\\vendor\\laravel\\framework\\src\\Illuminate\\Pipeline\\Pipeline.php(171): Illuminate\\Cookie\\Middleware\\AddQueuedCookiesToResponse->handle(Object(Illuminate\\Http\\Request), Object(Closure))
#20 C:\\xampp\\htdocs\\safeAgency.com\\vendor\\laravel\\framework\\src\\Illuminate\\Cookie\\Middleware\\EncryptCookies.php(67): Illuminate\\Pipeline\\Pipeline->Illuminate\\Pipeline\\{closure}(Object(Illuminate\\Http\\Request))
#21 C:\\xampp\\htdocs\\safeAgency.com\\vendor\\laravel\\framework\\src\\Illuminate\\Pipeline\\Pipeline.php(171): Illuminate\\Cookie\\Middleware\\EncryptCookies->handle(Object(Illuminate\\Http\\Request), Object(Closure))
#22 C:\\xampp\\htdocs\\safeAgency.com\\vendor\\laravel\\framework\\src\\Illuminate\\Pipeline\\Pipeline.php(105): Illuminate\\Pipeline\\Pipeline->Illuminate\\Pipeline\\{closure}(Object(Illuminate\\Http\\Request))
#23 C:\\xampp\\htdocs\\safeAgency.com\\vendor\\laravel\\framework\\src\\Illuminate\\Routing\\Router.php(683): Illuminate\\Pipeline\\Pipeline->then(Object(Closure))
#24 C:\\xampp\\htdocs\\safeAgency.com\\vendor\\laravel\\framework\\src\\Illuminate\\Routing\\Router.php(658): Illuminate\\Routing\\Router->runRouteWithinStack(Object(Illuminate\\Routing\\Route), Object(Illuminate\\Http\\Request))
#25 C:\\xampp\\htdocs\\safeAgency.com\\vendor\\laravel\\framework\\src\\Illuminate\\Routing\\Router.php(624): Illuminate\\Routing\\Router->runRoute(Object(Illuminate\\Http\\Request), Object(Illuminate\\Routing\\Route))
#26 C:\\xampp\\htdocs\\safeAgency.com\\vendor\\laravel\\framework\\src\\Illuminate\\Routing\\Router.php(613): Illuminate\\Routing\\Router->dispatchToRoute(Object(Illuminate\\Http\\Request))
#27 C:\\xampp\\htdocs\\safeAgency.com\\vendor\\laravel\\framework\\src\\Illuminate\\Foundation\\Http\\Kernel.php(170): Illuminate\\Routing\\Router->dispatch(Object(Illuminate\\Http\\Request))
#28 C:\\xampp\\htdocs\\safeAgency.com\\vendor\\laravel\\framework\\src\\Illuminate\\Pipeline\\Pipeline.php(130): Illuminate\\Foundation\\Http\\Kernel->Illuminate\\Foundation\\Http\\{closure}(Object(Illuminate\\Http\\Request))
#29 C:\\xampp\\htdocs\\safeAgency.com\\vendor\\laravel\\framework\\src\\Illuminate\\Foundation\\Http\\Middleware\\TransformsRequest.php(21): Illuminate\\Pipeline\\Pipeline->Illuminate\\Pipeline\\{closure}(Object(Illuminate\\Http\\Request))
#30 C:\\xampp\\htdocs\\safeAgency.com\\vendor\\laravel\\framework\\src\\Illuminate\\Pipeline\\Pipeline.php(171): Illuminate\\Foundation\\Http\\Middleware\\TransformsRequest->handle(Object(Illuminate\\Http\\Request), Object(Closure))
#31 C:\\xampp\\htdocs\\safeAgency.com\\vendor\\laravel\\framework\\src\\Illuminate\\Foundation\\Http\\Middleware\\TransformsRequest.php(21): Illuminate\\Pipeline\\Pipeline->Illuminate\\Pipeline\\{closure}(Object(Illuminate\\Http\\Request))
#32 C:\\xampp\\htdocs\\safeAgency.com\\vendor\\laravel\\framework\\src\\Illuminate\\Pipeline\\Pipeline.php(171): Illuminate\\Foundation\\Http\\Middleware\\TransformsRequest->handle(Object(Illuminate\\Http\\Request), Object(Closure))
#33 C:\\xampp\\htdocs\\safeAgency.com\\vendor\\laravel\\framework\\src\\Illuminate\\Foundation\\Http\\Middleware\\ValidatePostSize.php(27): Illuminate\\Pipeline\\Pipeline->Illuminate\\Pipeline\\{closure}(Object(Illuminate\\Http\\Request))
#34 C:\\xampp\\htdocs\\safeAgency.com\\vendor\\laravel\\framework\\src\\Illuminate\\Pipeline\\Pipeline.php(171): Illuminate\\Foundation\\Http\\Middleware\\ValidatePostSize->handle(Object(Illuminate\\Http\\Request), Object(Closure))
#35 C:\\xampp\\htdocs\\safeAgency.com\\vendor\\laravel\\framework\\src\\Illuminate\\Foundation\\Http\\Middleware\\CheckForMaintenanceMode.php(63): Illuminate\\Pipeline\\Pipeline->Illuminate\\Pipeline\\{closure}(Object(Illuminate\\Http\\Request))
#36 C:\\xampp\\htdocs\\safeAgency.com\\vendor\\laravel\\framework\\src\\Illuminate\\Pipeline\\Pipeline.php(171): Illuminate\\Foundation\\Http\\Middleware\\CheckForMaintenanceMode->handle(Object(Illuminate\\Http\\Request), Object(Closure))
#37 C:\\xampp\\htdocs\\safeAgency.com\\vendor\\fideloper\\proxy\\src\\TrustProxies.php(57): Illuminate\\Pipeline\\Pipeline->Illuminate\\Pipeline\\{closure}(Object(Illuminate\\Http\\Request))
#38 C:\\xampp\\htdocs\\safeAgency.com\\vendor\\laravel\\framework\\src\\Illuminate\\Pipeline\\Pipeline.php(171): Fideloper\\Proxy\\TrustProxies->handle(Object(Illuminate\\Http\\Request), Object(Closure))
#39 C:\\xampp\\htdocs\\safeAgency.com\\vendor\\laravel\\framework\\src\\Illuminate\\Pipeline\\Pipeline.php(105): Illuminate\\Pipeline\\Pipeline->Illuminate\\Pipeline\\{closure}(Object(Illuminate\\Http\\Request))
#40 C:\\xampp\\htdocs\\safeAgency.com\\vendor\\laravel\\framework\\src\\Illuminate\\Foundation\\Http\\Kernel.php(145): Illuminate\\Pipeline\\Pipeline->then(Object(Closure))
#41 C:\\xampp\\htdocs\\safeAgency.com\\vendor\\laravel\\framework\\src\\Illuminate\\Foundation\\Http\\Kernel.php(110): Illuminate\\Foundation\\Http\\Kernel->sendRequestThroughRouter(Object(Illuminate\\Http\\Request))
#42 C:\\xampp\\htdocs\\safeAgency.com\\public\\index.php(55): Illuminate\\Foundation\\Http\\Kernel->handle(Object(Illuminate\\Http\\Request))
#43 {main}
"} 
[2020-12-27 14:14:39] local.INFO: Broadcasting [App\Events\ChatEvent] on channels [chat] with payload:
{
    "message": "gf",
    "user": "Ashiful Islam Prince",
    "socket": "6098.27055769"
}  
[2020-12-27 14:15:17] local.INFO: Broadcasting [App\Events\ChatEvent] on channels [chat] with payload:
{
    "message": "fds",
    "user": "Ashiful Islam Prince",
    "socket": null
}  
[2020-12-27 14:15:20] local.INFO: Broadcasting [App\Events\ChatEvent] on channels [chat] with payload:
{
    "message": "fds",
    "user": "Ashiful Islam Prince",
    "socket": null
}  
[2020-12-27 14:15:22] local.INFO: Broadcasting [App\Events\ChatEvent] on channels [chat] with payload:
{
    "message": "fds",
    "user": "Ashiful Islam Prince",
    "socket": null
}  
[2020-12-27 14:15:23] local.INFO: Broadcasting [App\Events\ChatEvent] on channels [chat] with payload:
{
    "message": "fds",
    "user": "Ashiful Islam Prince",
    "socket": null
}  
[2020-12-27 14:15:24] local.INFO: Broadcasting [App\Events\ChatEvent] on channels [chat] with payload:
{
    "message": "fds",
    "user": "Ashiful Islam Prince",
    "socket": null
}  
[2020-12-27 14:15:28] local.INFO: Broadcasting [App\Events\ChatEvent] on channels [chat] with payload:
{
    "message": "fds",
    "user": "Ashiful Islam Prince",
    "socket": null
}  
[2020-12-27 14:15:30] local.INFO: Broadcasting [App\Events\ChatEvent] on channels [chat] with payload:
{
    "message": "fds",
    "user": "Ashiful Islam Prince",
    "socket": null
}  
[2020-12-27 14:15:34] local.INFO: Broadcasting [App\Events\ChatEvent] on channels [chat] with payload:
{
    "message": "fds",
    "user": "Ashiful Islam Prince",
    "socket": null
}  
[2020-12-27 14:16:03] local.INFO: Broadcasting [App\Events\ChatEvent] on channels [chat] with payload:
{
    "message": "vdgfs",
    "user": "Ashiful Islam Prince",
    "socket": "6062.27072715"
}  
[2020-12-27 14:16:06] local.INFO: Broadcasting [App\Events\ChatEvent] on channels [chat] with payload:
{
    "message": "fds",
    "user": "Ashiful Islam Prince",
    "socket": "6062.27072715"
}  
[2020-12-27 14:16:07] local.INFO: Broadcasting [App\Events\ChatEvent] on channels [chat] with payload:
{
    "message": "fds",
    "user": "Ashiful Islam Prince",
    "socket": "6062.27072715"
}  
[2020-12-27 14:16:09] local.INFO: Broadcasting [App\Events\ChatEvent] on channels [chat] with payload:
{
    "message": "fds",
    "user": "Ashiful Islam Prince",
    "socket": "6062.27072715"
}  
[2020-12-27 14:16:10] local.INFO: Broadcasting [App\Events\ChatEvent] on channels [chat] with payload:
{
    "message": "fds",
    "user": "Ashiful Islam Prince",
    "socket": "6062.27072715"
}  
[2020-12-27 14:16:12] local.INFO: Broadcasting [App\Events\ChatEvent] on channels [chat] with payload:
{
    "message": "fds",
    "user": "Ashiful Islam Prince",
    "socket": "6062.27072715"
}  
[2020-12-27 14:16:13] local.INFO: Broadcasting [App\Events\ChatEvent] on channels [chat] with payload:
{
    "message": "fds",
    "user": "Ashiful Islam Prince",
    "socket": "6062.27072715"
}  
[2020-12-27 14:16:14] local.INFO: Broadcasting [App\Events\ChatEvent] on channels [chat] with payload:
{
    "message": "fds",
    "user": "Ashiful Islam Prince",
    "socket": "6062.27072715"
}  
[2020-12-27 14:16:23] local.INFO: Broadcasting [App\Events\ChatEvent] on channels [chat] with payload:
{
    "message": "Hello this is prince and you?",
    "user": "Ashiful Islam Prince",
    "socket": "6062.27072715"
}  
[2020-12-27 14:16:29] local.INFO: Broadcasting [App\Events\ChatEvent] on channels [chat] with payload:
{
    "message": "Hahahaha",
    "user": "Ashiful Islam Prince",
    "socket": "6062.27072715"
}  
[2020-12-27 14:17:17] local.INFO: Broadcasting [App\Events\ChatEvent] on channels [chat] with payload:
{
    "message": "fds",
    "user": "Ashiful Islam Prince",
    "socket": "6078.27068662"
}  
[2020-12-27 14:28:05] local.INFO: Broadcasting [App\Events\ChatEvent] on channels [chat] with payload:
{
    "message": "fds",
    "user": "Ashiful Islam Prince",
    "socket": "6064.27089747"
}  
[2020-12-27 14:34:57] local.ERROR: SQLSTATE[42S22]: Column not found: 1054 Unknown column 'agent_requests.candidate_id' in 'on clause' (SQL: select `employers`.`id`, `employers`.`firstName`, `agent_requests`.`agent_reg_id` from `agent_requests` inner join `employers` on `agent_requests`.`candidate_id` = `employers`.`id` where (`agent_requests`.`agent_reg_id` = 1) and (`agent_requests`.`status` = approved)) {"userId":1,"exception":"[object] (Illuminate\\Database\\QueryException(code: 42S22): SQLSTATE[42S22]: Column not found: 1054 Unknown column 'agent_requests.candidate_id' in 'on clause' (SQL: select `employers`.`id`, `employers`.`firstName`, `agent_requests`.`agent_reg_id` from `agent_requests` inner join `employers` on `agent_requests`.`candidate_id` = `employers`.`id` where (`agent_requests`.`agent_reg_id` = 1) and (`agent_requests`.`status` = approved)) at C:\\xampp\\htdocs\\safeAgency.com\\vendor\\laravel\\framework\\src\\Illuminate\\Database\\Connection.php:669)
[stacktrace]
#0 C:\\xampp\\htdocs\\safeAgency.com\\vendor\\laravel\\framework\\src\\Illuminate\\Database\\Connection.php(629): Illuminate\\Database\\Connection->runQueryCallback('select `employe...', Array, Object(Closure))
#1 C:\\xampp\\htdocs\\safeAgency.com\\vendor\\laravel\\framework\\src\\Illuminate\\Database\\Connection.php(338): Illuminate\\Database\\Connection->run('select `employe...', Array, Object(Closure))
#2 C:\\xampp\\htdocs\\safeAgency.com\\vendor\\laravel\\framework\\src\\Illuminate\\Database\\Query\\Builder.php(2149): Illuminate\\Database\\Connection->select('select `employe...', Array, true)
#3 C:\\xampp\\htdocs\\safeAgency.com\\vendor\\laravel\\framework\\src\\Illuminate\\Database\\Query\\Builder.php(2137): Illuminate\\Database\\Query\\Builder->runSelect()
#4 C:\\xampp\\htdocs\\safeAgency.com\\vendor\\laravel\\framework\\src\\Illuminate\\Database\\Query\\Builder.php(2609): Illuminate\\Database\\Query\\Builder->Illuminate\\Database\\Query\\{closure}()
#5 C:\\xampp\\htdocs\\safeAgency.com\\vendor\\laravel\\framework\\src\\Illuminate\\Database\\Query\\Builder.php(2138): Illuminate\\Database\\Query\\Builder->onceWithColumns(Array, Object(Closure))
#6 C:\\xampp\\htdocs\\safeAgency.com\\app\\Http\\Controllers\\localAgent\\ChatController.php(37): Illuminate\\Database\\Query\\Builder->get()
#7 C:\\xampp\\htdocs\\safeAgency.com\\vendor\\laravel\\framework\\src\\Illuminate\\Routing\\Controller.php(54): App\\Http\\Controllers\\localAgent\\ChatController->chat()
#8 C:\\xampp\\htdocs\\safeAgency.com\\vendor\\laravel\\framework\\src\\Illuminate\\Routing\\ControllerDispatcher.php(45): Illuminate\\Routing\\Controller->callAction('chat', Array)
#9 C:\\xampp\\htdocs\\safeAgency.com\\vendor\\laravel\\framework\\src\\Illuminate\\Routing\\Route.php(219): Illuminate\\Routing\\ControllerDispatcher->dispatch(Object(Illuminate\\Routing\\Route), Object(App\\Http\\Controllers\\localAgent\\ChatController), 'chat')
#10 C:\\xampp\\htdocs\\safeAgency.com\\vendor\\laravel\\framework\\src\\Illuminate\\Routing\\Route.php(176): Illuminate\\Routing\\Route->runController()
#11 C:\\xampp\\htdocs\\safeAgency.com\\vendor\\laravel\\framework\\src\\Illuminate\\Routing\\Router.php(681): Illuminate\\Routing\\Route->run()
#12 C:\\xampp\\htdocs\\safeAgency.com\\vendor\\laravel\\framework\\src\\Illuminate\\Pipeline\\Pipeline.php(130): Illuminate\\Routing\\Router->Illuminate\\Routing\\{closure}(Object(Illuminate\\Http\\Request))
#13 C:\\xampp\\htdocs\\safeAgency.com\\vendor\\laravel\\passport\\src\\Http\\Middleware\\CreateFreshApiToken.php(50): Illuminate\\Pipeline\\Pipeline->Illuminate\\Pipeline\\{closure}(Object(Illuminate\\Http\\Request))
#14 C:\\xampp\\htdocs\\safeAgency.com\\vendor\\laravel\\framework\\src\\Illuminate\\Pipeline\\Pipeline.php(171): Laravel\\Passport\\Http\\Middleware\\CreateFreshApiToken->handle(Object(Illuminate\\Http\\Request), Object(Closure))
#15 C:\\xampp\\htdocs\\safeAgency.com\\vendor\\laravel\\framework\\src\\Illuminate\\Routing\\Middleware\\SubstituteBindings.php(41): Illuminate\\Pipeline\\Pipeline->Illuminate\\Pipeline\\{closure}(Object(Illuminate\\Http\\Request))
#16 C:\\xampp\\htdocs\\safeAgency.com\\vendor\\laravel\\framework\\src\\Illuminate\\Pipeline\\Pipeline.php(171): Illuminate\\Routing\\Middleware\\SubstituteBindings->handle(Object(Illuminate\\Http\\Request), Object(Closure))
#17 C:\\xampp\\htdocs\\safeAgency.com\\vendor\\laravel\\framework\\src\\Illuminate\\Auth\\Middleware\\Authenticate.php(43): Illuminate\\Pipeline\\Pipeline->Illuminate\\Pipeline\\{closure}(Object(Illuminate\\Http\\Request))
#18 C:\\xampp\\htdocs\\safeAgency.com\\vendor\\laravel\\framework\\src\\Illuminate\\Pipeline\\Pipeline.php(171): Illuminate\\Auth\\Middleware\\Authenticate->handle(Object(Illuminate\\Http\\Request), Object(Closure), 'localAgent')
#19 C:\\xampp\\htdocs\\safeAgency.com\\vendor\\laravel\\framework\\src\\Illuminate\\Foundation\\Http\\Middleware\\VerifyCsrfToken.php(78): Illuminate\\Pipeline\\Pipeline->Illuminate\\Pipeline\\{closure}(Object(Illuminate\\Http\\Request))
#20 C:\\xampp\\htdocs\\safeAgency.com\\vendor\\laravel\\framework\\src\\Illuminate\\Pipeline\\Pipeline.php(171): Illuminate\\Foundation\\Http\\Middleware\\VerifyCsrfToken->handle(Object(Illuminate\\Http\\Request), Object(Closure))
#21 C:\\xampp\\htdocs\\safeAgency.com\\vendor\\laravel\\framework\\src\\Illuminate\\View\\Middleware\\ShareErrorsFromSession.php(49): Illuminate\\Pipeline\\Pipeline->Illuminate\\Pipeline\\{closure}(Object(Illuminate\\Http\\Request))
#22 C:\\xampp\\htdocs\\safeAgency.com\\vendor\\laravel\\framework\\src\\Illuminate\\Pipeline\\Pipeline.php(171): Illuminate\\View\\Middleware\\ShareErrorsFromSession->handle(Object(Illuminate\\Http\\Request), Object(Closure))
#23 C:\\xampp\\htdocs\\safeAgency.com\\vendor\\laravel\\framework\\src\\Illuminate\\Session\\Middleware\\StartSession.php(56): Illuminate\\Pipeline\\Pipeline->Illuminate\\Pipeline\\{closure}(Object(Illuminate\\Http\\Request))
#24 C:\\xampp\\htdocs\\safeAgency.com\\vendor\\laravel\\framework\\src\\Illuminate\\Pipeline\\Pipeline.php(171): Illuminate\\Session\\Middleware\\StartSession->handle(Object(Illuminate\\Http\\Request), Object(Closure))
#25 C:\\xampp\\htdocs\\safeAgency.com\\vendor\\laravel\\framework\\src\\Illuminate\\Cookie\\Middleware\\AddQueuedCookiesToResponse.php(37): Illuminate\\Pipeline\\Pipeline->Illuminate\\Pipeline\\{closure}(Object(Illuminate\\Http\\Request))
#26 C:\\xampp\\htdocs\\safeAgency.com\\vendor\\laravel\\framework\\src\\Illuminate\\Pipeline\\Pipeline.php(171): Illuminate\\Cookie\\Middleware\\AddQueuedCookiesToResponse->handle(Object(Illuminate\\Http\\Request), Object(Closure))
#27 C:\\xampp\\htdocs\\safeAgency.com\\vendor\\laravel\\framework\\src\\Illuminate\\Cookie\\Middleware\\EncryptCookies.php(67): Illuminate\\Pipeline\\Pipeline->Illuminate\\Pipeline\\{closure}(Object(Illuminate\\Http\\Request))
#28 C:\\xampp\\htdocs\\safeAgency.com\\vendor\\laravel\\framework\\src\\Illuminate\\Pipeline\\Pipeline.php(171): Illuminate\\Cookie\\Middleware\\EncryptCookies->handle(Object(Illuminate\\Http\\Request), Object(Closure))
#29 C:\\xampp\\htdocs\\safeAgency.com\\vendor\\laravel\\framework\\src\\Illuminate\\Pipeline\\Pipeline.php(105): Illuminate\\Pipeline\\Pipeline->Illuminate\\Pipeline\\{closure}(Object(Illuminate\\Http\\Request))
#30 C:\\xampp\\htdocs\\safeAgency.com\\vendor\\laravel\\framework\\src\\Illuminate\\Routing\\Router.php(683): Illuminate\\Pipeline\\Pipeline->then(Object(Closure))
#31 C:\\xampp\\htdocs\\safeAgency.com\\vendor\\laravel\\framework\\src\\Illuminate\\Routing\\Router.php(658): Illuminate\\Routing\\Router->runRouteWithinStack(Object(Illuminate\\Routing\\Route), Object(Illuminate\\Http\\Request))
#32 C:\\xampp\\htdocs\\safeAgency.com\\vendor\\laravel\\framework\\src\\Illuminate\\Routing\\Router.php(624): Illuminate\\Routing\\Router->runRoute(Object(Illuminate\\Http\\Request), Object(Illuminate\\Routing\\Route))
#33 C:\\xampp\\htdocs\\safeAgency.com\\vendor\\laravel\\framework\\src\\Illuminate\\Routing\\Router.php(613): Illuminate\\Routing\\Router->dispatchToRoute(Object(Illuminate\\Http\\Request))
#34 C:\\xampp\\htdocs\\safeAgency.com\\vendor\\laravel\\framework\\src\\Illuminate\\Foundation\\Http\\Kernel.php(170): Illuminate\\Routing\\Router->dispatch(Object(Illuminate\\Http\\Request))
#35 C:\\xampp\\htdocs\\safeAgency.com\\vendor\\laravel\\framework\\src\\Illuminate\\Pipeline\\Pipeline.php(130): Illuminate\\Foundation\\Http\\Kernel->Illuminate\\Foundation\\Http\\{closure}(Object(Illuminate\\Http\\Request))
#36 C:\\xampp\\htdocs\\safeAgency.com\\vendor\\laravel\\framework\\src\\Illuminate\\Foundation\\Http\\Middleware\\TransformsRequest.php(21): Illuminate\\Pipeline\\Pipeline->Illuminate\\Pipeline\\{closure}(Object(Illuminate\\Http\\Request))
#37 C:\\xampp\\htdocs\\safeAgency.com\\vendor\\laravel\\framework\\src\\Illuminate\\Pipeline\\Pipeline.php(171): Illuminate\\Foundation\\Http\\Middleware\\TransformsRequest->handle(Object(Illuminate\\Http\\Request), Object(Closure))
#38 C:\\xampp\\htdocs\\safeAgency.com\\vendor\\laravel\\framework\\src\\Illuminate\\Foundation\\Http\\Middleware\\TransformsRequest.php(21): Illuminate\\Pipeline\\Pipeline->Illuminate\\Pipeline\\{closure}(Object(Illuminate\\Http\\Request))
#39 C:\\xampp\\htdocs\\safeAgency.com\\vendor\\laravel\\framework\\src\\Illuminate\\Pipeline\\Pipeline.php(171): Illuminate\\Foundation\\Http\\Middleware\\TransformsRequest->handle(Object(Illuminate\\Http\\Request), Object(Closure))
#40 C:\\xampp\\htdocs\\safeAgency.com\\vendor\\laravel\\framework\\src\\Illuminate\\Foundation\\Http\\Middleware\\ValidatePostSize.php(27): Illuminate\\Pipeline\\Pipeline->Illuminate\\Pipeline\\{closure}(Object(Illuminate\\Http\\Request))
#41 C:\\xampp\\htdocs\\safeAgency.com\\vendor\\laravel\\framework\\src\\Illuminate\\Pipeline\\Pipeline.php(171): Illuminate\\Foundation\\Http\\Middleware\\ValidatePostSize->handle(Object(Illuminate\\Http\\Request), Object(Closure))
#42 C:\\xampp\\htdocs\\safeAgency.com\\vendor\\laravel\\framework\\src\\Illuminate\\Foundation\\Http\\Middleware\\CheckForMaintenanceMode.php(63): Illuminate\\Pipeline\\Pipeline->Illuminate\\Pipeline\\{closure}(Object(Illuminate\\Http\\Request))
#43 C:\\xampp\\htdocs\\safeAgency.com\\vendor\\laravel\\framework\\src\\Illuminate\\Pipeline\\Pipeline.php(171): Illuminate\\Foundation\\Http\\Middleware\\CheckForMaintenanceMode->handle(Object(Illuminate\\Http\\Request), Object(Closure))
#44 C:\\xampp\\htdocs\\safeAgency.com\\vendor\\fideloper\\proxy\\src\\TrustProxies.php(57): Illuminate\\Pipeline\\Pipeline->Illuminate\\Pipeline\\{closure}(Object(Illuminate\\Http\\Request))
#45 C:\\xampp\\htdocs\\safeAgency.com\\vendor\\laravel\\framework\\src\\Illuminate\\Pipeline\\Pipeline.php(171): Fideloper\\Proxy\\TrustProxies->handle(Object(Illuminate\\Http\\Request), Object(Closure))
#46 C:\\xampp\\htdocs\\safeAgency.com\\vendor\\laravel\\framework\\src\\Illuminate\\Pipeline\\Pipeline.php(105): Illuminate\\Pipeline\\Pipeline->Illuminate\\Pipeline\\{closure}(Object(Illuminate\\Http\\Request))
#47 C:\\xampp\\htdocs\\safeAgency.com\\vendor\\laravel\\framework\\src\\Illuminate\\Foundation\\Http\\Kernel.php(145): Illuminate\\Pipeline\\Pipeline->then(Object(Closure))
#48 C:\\xampp\\htdocs\\safeAgency.com\\vendor\\laravel\\framework\\src\\Illuminate\\Foundation\\Http\\Kernel.php(110): Illuminate\\Foundation\\Http\\Kernel->sendRequestThroughRouter(Object(Illuminate\\Http\\Request))
#49 C:\\xampp\\htdocs\\safeAgency.com\\public\\index.php(55): Illuminate\\Foundation\\Http\\Kernel->handle(Object(Illuminate\\Http\\Request))
#50 {main}

[previous exception] [object] (PDOException(code: 42S22): SQLSTATE[42S22]: Column not found: 1054 Unknown column 'agent_requests.candidate_id' in 'on clause' at C:\\xampp\\htdocs\\safeAgency.com\\vendor\\laravel\\framework\\src\\Illuminate\\Database\\Connection.php:331)
[stacktrace]
#0 C:\\xampp\\htdocs\\safeAgency.com\\vendor\\laravel\\framework\\src\\Illuminate\\Database\\Connection.php(331): PDO->prepare('select `employe...')
#1 C:\\xampp\\htdocs\\safeAgency.com\\vendor\\laravel\\framework\\src\\Illuminate\\Database\\Connection.php(662): Illuminate\\Database\\Connection->Illuminate\\Database\\{closure}('select `employe...', Array)
#2 C:\\xampp\\htdocs\\safeAgency.com\\vendor\\laravel\\framework\\src\\Illuminate\\Database\\Connection.php(629): Illuminate\\Database\\Connection->runQueryCallback('select `employe...', Array, Object(Closure))
#3 C:\\xampp\\htdocs\\safeAgency.com\\vendor\\laravel\\framework\\src\\Illuminate\\Database\\Connection.php(338): Illuminate\\Database\\Connection->run('select `employe...', Array, Object(Closure))
#4 C:\\xampp\\htdocs\\safeAgency.com\\vendor\\laravel\\framework\\src\\Illuminate\\Database\\Query\\Builder.php(2149): Illuminate\\Database\\Connection->select('select `employe...', Array, true)
#5 C:\\xampp\\htdocs\\safeAgency.com\\vendor\\laravel\\framework\\src\\Illuminate\\Database\\Query\\Builder.php(2137): Illuminate\\Database\\Query\\Builder->runSelect()
#6 C:\\xampp\\htdocs\\safeAgency.com\\vendor\\laravel\\framework\\src\\Illuminate\\Database\\Query\\Builder.php(2609): Illuminate\\Database\\Query\\Builder->Illuminate\\Database\\Query\\{closure}()
#7 C:\\xampp\\htdocs\\safeAgency.com\\vendor\\laravel\\framework\\src\\Illuminate\\Database\\Query\\Builder.php(2138): Illuminate\\Database\\Query\\Builder->onceWithColumns(Array, Object(Closure))
#8 C:\\xampp\\htdocs\\safeAgency.com\\app\\Http\\Controllers\\localAgent\\ChatController.php(37): Illuminate\\Database\\Query\\Builder->get()
#9 C:\\xampp\\htdocs\\safeAgency.com\\vendor\\laravel\\framework\\src\\Illuminate\\Routing\\Controller.php(54): App\\Http\\Controllers\\localAgent\\ChatController->chat()
#10 C:\\xampp\\htdocs\\safeAgency.com\\vendor\\laravel\\framework\\src\\Illuminate\\Routing\\ControllerDispatcher.php(45): Illuminate\\Routing\\Controller->callAction('chat', Array)
#11 C:\\xampp\\htdocs\\safeAgency.com\\vendor\\laravel\\framework\\src\\Illuminate\\Routing\\Route.php(219): Illuminate\\Routing\\ControllerDispatcher->dispatch(Object(Illuminate\\Routing\\Route), Object(App\\Http\\Controllers\\localAgent\\ChatController), 'chat')
#12 C:\\xampp\\htdocs\\safeAgency.com\\vendor\\laravel\\framework\\src\\Illuminate\\Routing\\Route.php(176): Illuminate\\Routing\\Route->runController()
#13 C:\\xampp\\htdocs\\safeAgency.com\\vendor\\laravel\\framework\\src\\Illuminate\\Routing\\Router.php(681): Illuminate\\Routing\\Route->run()
#14 C:\\xampp\\htdocs\\safeAgency.com\\vendor\\laravel\\framework\\src\\Illuminate\\Pipeline\\Pipeline.php(130): Illuminate\\Routing\\Router->Illuminate\\Routing\\{closure}(Object(Illuminate\\Http\\Request))
#15 C:\\xampp\\htdocs\\safeAgency.com\\vendor\\laravel\\passport\\src\\Http\\Middleware\\CreateFreshApiToken.php(50): Illuminate\\Pipeline\\Pipeline->Illuminate\\Pipeline\\{closure}(Object(Illuminate\\Http\\Request))
#16 C:\\xampp\\htdocs\\safeAgency.com\\vendor\\laravel\\framework\\src\\Illuminate\\Pipeline\\Pipeline.php(171): Laravel\\Passport\\Http\\Middleware\\CreateFreshApiToken->handle(Object(Illuminate\\Http\\Request), Object(Closure))
#17 C:\\xampp\\htdocs\\safeAgency.com\\vendor\\laravel\\framework\\src\\Illuminate\\Routing\\Middleware\\SubstituteBindings.php(41): Illuminate\\Pipeline\\Pipeline->Illuminate\\Pipeline\\{closure}(Object(Illuminate\\Http\\Request))
#18 C:\\xampp\\htdocs\\safeAgency.com\\vendor\\laravel\\framework\\src\\Illuminate\\Pipeline\\Pipeline.php(171): Illuminate\\Routing\\Middleware\\SubstituteBindings->handle(Object(Illuminate\\Http\\Request), Object(Closure))
#19 C:\\xampp\\htdocs\\safeAgency.com\\vendor\\laravel\\framework\\src\\Illuminate\\Auth\\Middleware\\Authenticate.php(43): Illuminate\\Pipeline\\Pipeline->Illuminate\\Pipeline\\{closure}(Object(Illuminate\\Http\\Request))
#20 C:\\xampp\\htdocs\\safeAgency.com\\vendor\\laravel\\framework\\src\\Illuminate\\Pipeline\\Pipeline.php(171): Illuminate\\Auth\\Middleware\\Authenticate->handle(Object(Illuminate\\Http\\Request), Object(Closure), 'localAgent')
#21 C:\\xampp\\htdocs\\safeAgency.com\\vendor\\laravel\\framework\\src\\Illuminate\\Foundation\\Http\\Middleware\\VerifyCsrfToken.php(78): Illuminate\\Pipeline\\Pipeline->Illuminate\\Pipeline\\{closure}(Object(Illuminate\\Http\\Request))
#22 C:\\xampp\\htdocs\\safeAgency.com\\vendor\\laravel\\framework\\src\\Illuminate\\Pipeline\\Pipeline.php(171): Illuminate\\Foundation\\Http\\Middleware\\VerifyCsrfToken->handle(Object(Illuminate\\Http\\Request), Object(Closure))
#23 C:\\xampp\\htdocs\\safeAgency.com\\vendor\\laravel\\framework\\src\\Illuminate\\View\\Middleware\\ShareErrorsFromSession.php(49): Illuminate\\Pipeline\\Pipeline->Illuminate\\Pipeline\\{closure}(Object(Illuminate\\Http\\Request))
#24 C:\\xampp\\htdocs\\safeAgency.com\\vendor\\laravel\\framework\\src\\Illuminate\\Pipeline\\Pipeline.php(171): Illuminate\\View\\Middleware\\ShareErrorsFromSession->handle(Object(Illuminate\\Http\\Request), Object(Closure))
#25 C:\\xampp\\htdocs\\safeAgency.com\\vendor\\laravel\\framework\\src\\Illuminate\\Session\\Middleware\\StartSession.php(56): Illuminate\\Pipeline\\Pipeline->Illuminate\\Pipeline\\{closure}(Object(Illuminate\\Http\\Request))
#26 C:\\xampp\\htdocs\\safeAgency.com\\vendor\\laravel\\framework\\src\\Illuminate\\Pipeline\\Pipeline.php(171): Illuminate\\Session\\Middleware\\StartSession->handle(Object(Illuminate\\Http\\Request), Object(Closure))
#27 C:\\xampp\\htdocs\\safeAgency.com\\vendor\\laravel\\framework\\src\\Illuminate\\Cookie\\Middleware\\AddQueuedCookiesToResponse.php(37): Illuminate\\Pipeline\\Pipeline->Illuminate\\Pipeline\\{closure}(Object(Illuminate\\Http\\Request))
#28 C:\\xampp\\htdocs\\safeAgency.com\\vendor\\laravel\\framework\\src\\Illuminate\\Pipeline\\Pipeline.php(171): Illuminate\\Cookie\\Middleware\\AddQueuedCookiesToResponse->handle(Object(Illuminate\\Http\\Request), Object(Closure))
#29 C:\\xampp\\htdocs\\safeAgency.com\\vendor\\laravel\\framework\\src\\Illuminate\\Cookie\\Middleware\\EncryptCookies.php(67): Illuminate\\Pipeline\\Pipeline->Illuminate\\Pipeline\\{closure}(Object(Illuminate\\Http\\Request))
#30 C:\\xampp\\htdocs\\safeAgency.com\\vendor\\laravel\\framework\\src\\Illuminate\\Pipeline\\Pipeline.php(171): Illuminate\\Cookie\\Middleware\\EncryptCookies->handle(Object(Illuminate\\Http\\Request), Object(Closure))
#31 C:\\xampp\\htdocs\\safeAgency.com\\vendor\\laravel\\framework\\src\\Illuminate\\Pipeline\\Pipeline.php(105): Illuminate\\Pipeline\\Pipeline->Illuminate\\Pipeline\\{closure}(Object(Illuminate\\Http\\Request))
#32 C:\\xampp\\htdocs\\safeAgency.com\\vendor\\laravel\\framework\\src\\Illuminate\\Routing\\Router.php(683): Illuminate\\Pipeline\\Pipeline->then(Object(Closure))
#33 C:\\xampp\\htdocs\\safeAgency.com\\vendor\\laravel\\framework\\src\\Illuminate\\Routing\\Router.php(658): Illuminate\\Routing\\Router->runRouteWithinStack(Object(Illuminate\\Routing\\Route), Object(Illuminate\\Http\\Request))
#34 C:\\xampp\\htdocs\\safeAgency.com\\vendor\\laravel\\framework\\src\\Illuminate\\Routing\\Router.php(624): Illuminate\\Routing\\Router->runRoute(Object(Illuminate\\Http\\Request), Object(Illuminate\\Routing\\Route))
#35 C:\\xampp\\htdocs\\safeAgency.com\\vendor\\laravel\\framework\\src\\Illuminate\\Routing\\Router.php(613): Illuminate\\Routing\\Router->dispatchToRoute(Object(Illuminate\\Http\\Request))
#36 C:\\xampp\\htdocs\\safeAgency.com\\vendor\\laravel\\framework\\src\\Illuminate\\Foundation\\Http\\Kernel.php(170): Illuminate\\Routing\\Router->dispatch(Object(Illuminate\\Http\\Request))
#37 C:\\xampp\\htdocs\\safeAgency.com\\vendor\\laravel\\framework\\src\\Illuminate\\Pipeline\\Pipeline.php(130): Illuminate\\Foundation\\Http\\Kernel->Illuminate\\Foundation\\Http\\{closure}(Object(Illuminate\\Http\\Request))
#38 C:\\xampp\\htdocs\\safeAgency.com\\vendor\\laravel\\framework\\src\\Illuminate\\Foundation\\Http\\Middleware\\TransformsRequest.php(21): Illuminate\\Pipeline\\Pipeline->Illuminate\\Pipeline\\{closure}(Object(Illuminate\\Http\\Request))
#39 C:\\xampp\\htdocs\\safeAgency.com\\vendor\\laravel\\framework\\src\\Illuminate\\Pipeline\\Pipeline.php(171): Illuminate\\Foundation\\Http\\Middleware\\TransformsRequest->handle(Object(Illuminate\\Http\\Request), Object(Closure))
#40 C:\\xampp\\htdocs\\safeAgency.com\\vendor\\laravel\\framework\\src\\Illuminate\\Foundation\\Http\\Middleware\\TransformsRequest.php(21): Illuminate\\Pipeline\\Pipeline->Illuminate\\Pipeline\\{closure}(Object(Illuminate\\Http\\Request))
#41 C:\\xampp\\htdocs\\safeAgency.com\\vendor\\laravel\\framework\\src\\Illuminate\\Pipeline\\Pipeline.php(171): Illuminate\\Foundation\\Http\\Middleware\\TransformsRequest->handle(Object(Illuminate\\Http\\Request), Object(Closure))
#42 C:\\xampp\\htdocs\\safeAgency.com\\vendor\\laravel\\framework\\src\\Illuminate\\Foundation\\Http\\Middleware\\ValidatePostSize.php(27): Illuminate\\Pipeline\\Pipeline->Illuminate\\Pipeline\\{closure}(Object(Illuminate\\Http\\Request))
#43 C:\\xampp\\htdocs\\safeAgency.com\\vendor\\laravel\\framework\\src\\Illuminate\\Pipeline\\Pipeline.php(171): Illuminate\\Foundation\\Http\\Middleware\\ValidatePostSize->handle(Object(Illuminate\\Http\\Request), Object(Closure))
#44 C:\\xampp\\htdocs\\safeAgency.com\\vendor\\laravel\\framework\\src\\Illuminate\\Foundation\\Http\\Middleware\\CheckForMaintenanceMode.php(63): Illuminate\\Pipeline\\Pipeline->Illuminate\\Pipeline\\{closure}(Object(Illuminate\\Http\\Request))
#45 C:\\xampp\\htdocs\\safeAgency.com\\vendor\\laravel\\framework\\src\\Illuminate\\Pipeline\\Pipeline.php(171): Illuminate\\Foundation\\Http\\Middleware\\CheckForMaintenanceMode->handle(Object(Illuminate\\Http\\Request), Object(Closure))
#46 C:\\xampp\\htdocs\\safeAgency.com\\vendor\\fideloper\\proxy\\src\\TrustProxies.php(57): Illuminate\\Pipeline\\Pipeline->Illuminate\\Pipeline\\{closure}(Object(Illuminate\\Http\\Request))
#47 C:\\xampp\\htdocs\\safeAgency.com\\vendor\\laravel\\framework\\src\\Illuminate\\Pipeline\\Pipeline.php(171): Fideloper\\Proxy\\TrustProxies->handle(Object(Illuminate\\Http\\Request), Object(Closure))
#48 C:\\xampp\\htdocs\\safeAgency.com\\vendor\\laravel\\framework\\src\\Illuminate\\Pipeline\\Pipeline.php(105): Illuminate\\Pipeline\\Pipeline->Illuminate\\Pipeline\\{closure}(Object(Illuminate\\Http\\Request))
#49 C:\\xampp\\htdocs\\safeAgency.com\\vendor\\laravel\\framework\\src\\Illuminate\\Foundation\\Http\\Kernel.php(145): Illuminate\\Pipeline\\Pipeline->then(Object(Closure))
#50 C:\\xampp\\htdocs\\safeAgency.com\\vendor\\laravel\\framework\\src\\Illuminate\\Foundation\\Http\\Kernel.php(110): Illuminate\\Foundation\\Http\\Kernel->sendRequestThroughRouter(Object(Illuminate\\Http\\Request))
#51 C:\\xampp\\htdocs\\safeAgency.com\\public\\index.php(55): Illuminate\\Foundation\\Http\\Kernel->handle(Object(Illuminate\\Http\\Request))
#52 {main}
"} 
[2020-12-27 14:36:16] local.INFO: Broadcasting [App\Events\ChatEvent] on channels [chat] with payload:
{
    "message": "fds",
    "user": "Ashiful Islam Prince",
    "socket": "6062.27106260"
}  
[2020-12-27 14:36:26] local.INFO: Broadcasting [App\Events\ChatEvent] on channels [chat] with payload:
{
    "message": "fds",
    "user": "Ashiful Islam Prince",
    "socket": "6062.27106260"
}  
[2020-12-27 14:37:11] local.INFO: Broadcasting [App\Events\ChatEvent] on channels [chat] with payload:
{
    "message": "vds",
    "user": "Ashiful Islam Prince",
    "socket": "6062.27106260"
}  
[2020-12-27 14:37:34] local.INFO: Broadcasting [App\Events\ChatEvent] on channels [chat] with payload:
{
    "message": "fd",
    "user": "Ashiful Islam Prince",
    "socket": "6078.27102297"
}  
[2020-12-27 14:38:13] local.INFO: Broadcasting [App\Events\ChatEvent] on channels [chat] with payload:
{
    "message": "df",
    "user": "Ashiful Islam Prince",
    "socket": "6078.27102297"
}  
[2020-12-27 14:38:31] local.INFO: Broadcasting [App\Events\ChatEvent] on channels [chat] with payload:
{
    "message": "fds",
    "user": "Ashiful Islam Prince",
    "socket": "6078.27102297"
}  
[2020-12-27 14:43:08] local.INFO: Broadcasting [App\Events\ChatEvent] on channels [chat] with payload:
{
    "message": "kj",
    "user": "Ashiful Islam Prince",
    "socket": null
}  
[2020-12-27 14:44:06] local.INFO: Broadcasting [App\Events\ChatEvent] on channels [chat] with payload:
{
    "message": "fdsfds",
    "user": "Ashiful Islam Prince",
    "socket": null
}  
[2020-12-27 14:44:29] local.INFO: Broadcasting [App\Events\ChatEvent] on channels [chat] with payload:
{
    "message": "fds",
    "user": "Ashiful Islam Prince",
    "socket": null
}  
[2020-12-27 14:44:32] local.INFO: Broadcasting [App\Events\ChatEvent] on channels [chat] with payload:
{
    "message": "fadsfadfgd",
    "user": "Ashiful Islam Prince",
    "socket": null
}  
[2020-12-27 14:48:54] local.INFO: Broadcasting [App\Events\ChatEvent] on channels [chat] with payload:
{
    "message": "fjdskl",
    "user": "Ashiful Islam Prince",
    "socket": "6062.27131361"
}  
[2020-12-27 14:59:08] local.INFO: Broadcasting [App\Events\ChatEvent] on channels [chat] with payload:
{
    "message": "fds",
    "user": "Ashiful Islam Prince",
    "socket": "6078.27142002"
}  
[2020-12-27 14:59:58] local.INFO: Broadcasting [App\Events\ChatEvent] on channels [chat] with payload:
{
    "message": "dgfs",
    "user": "Ashiful Islam Prince",
    "socket": "6078.27142002"
}  
[2020-12-27 15:00:03] local.INFO: Broadcasting [App\Events\ChatEvent] on channels [chat] with payload:
{
    "message": "fds",
    "user": "Ashiful Islam Prince",
    "socket": "6078.27142002"
}  
[2020-12-27 15:00:06] local.INFO: Broadcasting [App\Events\ChatEvent] on channels [chat] with payload:
{
    "message": "fds",
    "user": "Ashiful Islam Prince",
    "socket": "6078.27142002"
}  
[2020-12-27 15:00:31] local.INFO: Broadcasting [App\Events\ChatEvent] on channels [chat] with payload:
{
    "message": "ihujk",
    "user": "Ashiful Islam Prince",
    "socket": "6064.27147630"
}  
[2020-12-27 15:01:09] local.INFO: Broadcasting [App\Events\ChatEvent] on channels [chat] with payload:
{
    "message": "fd",
    "user": "Ashiful Islam Prince",
    "socket": "6063.27149287"
}  
[2020-12-27 15:01:15] local.INFO: Broadcasting [App\Events\ChatEvent] on channels [chat] with payload:
{
    "message": "fds",
    "user": "Ashiful Islam Prince",
    "socket": "6063.27149287"
}  
[2020-12-27 15:05:22] local.INFO: Broadcasting [App\Events\ChatEvent] on channels [chat] with payload:
{
    "message": "bdfbghg",
    "user": "Ashiful Islam Prince",
    "socket": null
}  
[2020-12-27 15:05:25] local.INFO: Broadcasting [App\Events\ChatEvent] on channels [chat] with payload:
{
    "message": "vgfd",
    "user": "Ashiful Islam Prince",
    "socket": null
}  
[2020-12-27 15:05:28] local.INFO: Broadcasting [App\Events\ChatEvent] on channels [chat] with payload:
{
    "message": "gdf",
    "user": "Ashiful Islam Prince",
    "socket": null
}  
[2020-12-27 15:53:03] local.INFO: Broadcasting [App\Events\ChatEvent] on channels [private-chat] with payload:
{
    "message": "fds",
    "user": "Ashiful Islam Prince",
    "socket": "6086.27222917"
}  
[2020-12-27 15:54:28] local.INFO: Broadcasting [App\Events\ChatEvent] on channels [private-chat] with payload:
{
    "message": "This is related",
    "user": "Ashiful Islam Prince",
    "socket": "6086.27222917"
}  
[2020-12-27 15:54:34] local.INFO: Broadcasting [App\Events\ChatEvent] on channels [private-chat] with payload:
{
    "message": "Hello World",
    "user": "Ashiful Islam Prince",
    "socket": "6086.27222917"
}  
[2020-12-27 15:54:42] local.INFO: Broadcasting [App\Events\ChatEvent] on channels [private-chat] with payload:
{
    "message": "This is prince",
    "user": "Ashiful Islam Prince",
    "socket": "6086.27222917"
}  
[2020-12-27 15:54:48] local.INFO: Broadcasting [App\Events\ChatEvent] on channels [private-chat] with payload:
{
    "message": "Excellent",
    "user": "Ashiful Islam Prince",
    "socket": "6086.27222917"
}  
[2020-12-27 15:55:42] local.INFO: Broadcasting [App\Events\ChatEvent] on channels [private-chat] with payload:
{
    "message": "fddf",
    "user": "Ashiful Islam Prince",
    "socket": "6086.27222917"
}  
[2020-12-27 15:55:59] local.INFO: Broadcasting [App\Events\ChatEvent] on channels [private-chat] with payload:
{
    "message": "fds",
    "user": "Ashiful Islam Prince",
    "socket": "6098.27223168"
}  
[2020-12-27 15:56:00] local.INFO: Broadcasting [App\Events\ChatEvent] on channels [private-chat] with payload:
{
    "message": "fds",
    "user": "Ashiful Islam Prince",
    "socket": "6098.27223168"
}  
[2020-12-27 15:56:03] local.INFO: Broadcasting [App\Events\ChatEvent] on channels [private-chat] with payload:
{
    "message": "fdsfds",
    "user": "Ashiful Islam Prince",
    "socket": "6098.27223168"
}  
[2020-12-27 15:56:05] local.INFO: Broadcasting [App\Events\ChatEvent] on channels [private-chat] with payload:
{
    "message": "fdsfds",
    "user": "Ashiful Islam Prince",
    "socket": "6098.27223168"
}  
[2020-12-27 15:57:36] local.INFO: Broadcasting [App\Events\ChatEvent] on channels [private-chat] with payload:
{
    "message": "fds",
    "user": "Ashiful Islam Prince",
    "socket": "6101.27227468"
}  
[2020-12-27 15:57:38] local.INFO: Broadcasting [App\Events\ChatEvent] on channels [private-chat] with payload:
{
    "message": "fdsfdsf",
    "user": "Ashiful Islam Prince",
    "socket": "6101.27227468"
}  
[2020-12-27 15:57:49] local.INFO: Broadcasting [App\Events\ChatEvent] on channels [private-chat] with payload:
{
    "message": "fdsfds",
    "user": "Ashiful Islam Prince",
    "socket": "6101.27227468"
}  
[2020-12-27 15:57:52] local.INFO: Broadcasting [App\Events\ChatEvent] on channels [private-chat] with payload:
{
    "message": "fdds",
    "user": "Ashiful Islam Prince",
    "socket": "6101.27227468"
}  
[2020-12-27 15:57:53] local.INFO: Broadcasting [App\Events\ChatEvent] on channels [private-chat] with payload:
{
    "message": "fds",
    "user": "Ashiful Islam Prince",
    "socket": "6101.27227468"
}  
[2020-12-27 15:57:56] local.INFO: Broadcasting [App\Events\ChatEvent] on channels [private-chat] with payload:
{
    "message": "fdsfdfdsfdsfd",
    "user": "Ashiful Islam Prince",
    "socket": "6101.27227468"
}  
[2020-12-27 15:57:59] local.INFO: Broadcasting [App\Events\ChatEvent] on channels [private-chat] with payload:
{
    "message": "fdsfdsfdsfd",
    "user": "Ashiful Islam Prince",
    "socket": "6101.27227468"
}  
[2020-12-27 15:58:24] local.INFO: Broadcasting [App\Events\ChatEvent] on channels [private-chat] with payload:
{
    "message": "fdsfdsf",
    "user": "Ashiful Islam Prince",
    "socket": "6101.27227468"
}  
[2020-12-27 15:58:27] local.INFO: Broadcasting [App\Events\ChatEvent] on channels [private-chat] with payload:
{
    "message": "fdsfdsfdsfds",
    "user": "Ashiful Islam Prince",
    "socket": "6101.27227468"
}  
[2020-12-27 16:00:20] local.INFO: Broadcasting [App\Events\ChatEvent] on channels [private-chat] with payload:
{
    "message": "This is very much possible",
    "user": "Ashiful Islam Prince",
    "socket": "6083.27230786"
}  
[2020-12-27 16:02:01] local.INFO: Broadcasting [App\Events\ChatEvent] on channels [private-chat] with payload:
{
    "message": "fds",
    "user": "Ashiful Islam Prince",
    "socket": "6083.27230786"
}  
[2020-12-27 16:02:06] local.INFO: Broadcasting [App\Events\ChatEvent] on channels [private-chat] with payload:
{
    "message": "fdfds",
    "user": "Ashiful Islam Prince",
    "socket": "6083.27230786"
}  
[2020-12-27 16:04:38] local.INFO: Broadcasting [App\Events\ChatEvent] on channels [private-chat] with payload:
{
    "message": "fds",
    "user": "Ashiful Islam Prince",
    "socket": "6086.27238140"
}  
[2020-12-27 16:05:09] local.INFO: Broadcasting [App\Events\ChatEvent] on channels [private-chat] with payload:
{
    "message": "fds",
    "user": "Ashiful Islam Prince",
    "socket": "6063.27243198"
}  
[2020-12-27 16:05:10] local.INFO: Broadcasting [App\Events\ChatEvent] on channels [private-chat] with payload:
{
    "message": "fds",
    "user": "Ashiful Islam Prince",
    "socket": "6063.27243198"
}  
[2020-12-27 16:05:13] local.INFO: Broadcasting [App\Events\ChatEvent] on channels [private-chat] with payload:
{
    "message": "fdfdfdf",
    "user": "Ashiful Islam Prince",
    "socket": "6063.27243198"
}  
[2020-12-27 16:05:15] local.INFO: Broadcasting [App\Events\ChatEvent] on channels [private-chat] with payload:
{
    "message": "fdsfdsf",
    "user": "Ashiful Islam Prince",
    "socket": "6063.27243198"
}  
[2020-12-27 16:05:18] local.INFO: Broadcasting [App\Events\ChatEvent] on channels [private-chat] with payload:
{
    "message": "fdsafd",
    "user": "Ashiful Islam Prince",
    "socket": "6063.27243198"
}  
[2020-12-27 16:05:25] local.INFO: Broadcasting [App\Events\ChatEvent] on channels [private-chat] with payload:
{
    "message": "fds",
    "user": "Ashiful Islam Prince",
    "socket": "6083.27236464"
}  
[2020-12-27 16:05:27] local.INFO: Broadcasting [App\Events\ChatEvent] on channels [private-chat] with payload:
{
    "message": "fdsfd",
    "user": "Ashiful Islam Prince",
    "socket": "6083.27236464"
}  
[2020-12-27 16:05:29] local.INFO: Broadcasting [App\Events\ChatEvent] on channels [private-chat] with payload:
{
    "message": "fds",
    "user": "Ashiful Islam Prince",
    "socket": "6083.27236464"
}  
[2020-12-27 16:05:31] local.INFO: Broadcasting [App\Events\ChatEvent] on channels [private-chat] with payload:
{
    "message": "adf",
    "user": "Ashiful Islam Prince",
    "socket": "6083.27236464"
}  
[2020-12-27 16:06:15] local.INFO: Broadcasting [App\Events\ChatEvent] on channels [private-chat] with payload:
{
    "message": "fds",
    "user": "Ashiful Islam Prince",
    "socket": "6101.27236533"
}  
[2020-12-27 16:06:35] local.INFO: Broadcasting [App\Events\ChatEvent] on channels [private-chat] with payload:
{
    "message": "fd",
    "user": "Ashiful Islam Prince",
    "socket": "6101.27236533"
}  
[2020-12-27 16:06:49] local.INFO: Broadcasting [App\Events\ChatEvent] on channels [private-chat] with payload:
{
    "message": "fds",
    "user": "Ashiful Islam Prince",
    "socket": "6101.27236533"
}  
[2020-12-27 16:08:30] local.INFO: Broadcasting [App\Events\ChatEvent] on channels [private-chat] with payload:
{
    "message": "fds",
    "user": "Ashiful Islam Prince",
    "socket": "6084.27240621"
}  
[2020-12-27 16:08:31] local.INFO: Broadcasting [App\Events\ChatEvent] on channels [private-chat] with payload:
{
    "message": "fds",
    "user": "Ashiful Islam Prince",
    "socket": "6084.27240621"
}  
[2020-12-27 16:08:32] local.INFO: Broadcasting [App\Events\ChatEvent] on channels [private-chat] with payload:
{
    "message": "fds",
    "user": "Ashiful Islam Prince",
    "socket": "6084.27240621"
}  
